<?xml version="1.0" encoding="UTF-8"?>
<!-- Generated by org.testng.reporters.JUnitReportReporter -->
<testsuite hostname="Davinders-MacBook.local" failures="0" tests="3" name="TestCases.Checkout_Overview_TestCases" time="17.056" errors="0" timestamp="2024-11-19T10:47:19 PST" skipped="0">
  <testcase classname="TestCases.Checkout_Overview_TestCases" name="validateCancelBtn" time="8.286"/>
  <testcase classname="TestCases.Checkout_Overview_TestCases" name="checkBalance" time="3.002"/>
  <testcase classname="TestCases.Checkout_Overview_TestCases" name="validateFinishBtn" time="5.768"/>
</testsuite> <!-- TestCases.Checkout_Overview_TestCases -->
