<?xml version="1.0" encoding="UTF-8"?>
<!-- Generated by org.testng.reporters.JUnitReportReporter -->
<testsuite hostname="Davinders-MacBook.local" failures="0" tests="1" name="TestCases.End2End_TestCases" time="3.251" errors="0" timestamp="2024-11-14T09:34:31 PST" skipped="0">
  <testcase classname="TestCases.End2End_TestCases" name="End2EndWorkflow" time="3.251"/>
</testsuite> <!-- TestCases.End2End_TestCases -->
