<?xml version="1.0" encoding="UTF-8"?>
<!-- Generated by org.testng.reporters.JUnitReportReporter -->
<testsuite hostname="Davinders-MacBook.local" failures="0" tests="4" name="TestCases.Cart_TestCases" time="11.907" errors="0" timestamp="2024-11-19T10:39:08 PST" skipped="0">
  <testcase classname="TestCases.Cart_TestCases" name="validateItemsNameAndPrice" time="5.985"/>
  <testcase classname="TestCases.Cart_TestCases" name="validateCheckoutButton" time="2.625"/>
  <testcase classname="TestCases.Cart_TestCases" name="validateRemoveButton" time="1.768"/>
  <testcase classname="TestCases.Cart_TestCases" name="validateContinueShoppingButton" time="1.529"/>
</testsuite> <!-- TestCases.Cart_TestCases -->
