<?xml version="1.0" encoding="UTF-8"?>
<!-- Generated by org.testng.reporters.JUnitReportReporter -->
<testsuite hostname="Davinders-MacBook.local" failures="0" tests="6" name="TestCases.Login_Testcases" time="7.542" errors="0" timestamp="2024-11-14T11:54:12 PST" skipped="0">
  <testcase classname="TestCases.Login_Testcases" name="invalidUserAndPass" time="3.248"/>
  <testcase classname="TestCases.Login_Testcases" name="blankPassword" time="0.812"/>
  <testcase classname="TestCases.Login_Testcases" name="blankUsername" time="0.457"/>
  <testcase classname="TestCases.Login_Testcases" name="blankUserAndPass" time="0.297"/>
  <testcase classname="TestCases.Login_Testcases" name="lockedUser" time="0.448"/>
  <testcase classname="TestCases.Login_Testcases" name="validLoginDetail" time="2.280"/>
</testsuite> <!-- TestCases.Login_Testcases -->
