<?xml version="1.0" encoding="UTF-8"?>
<!-- Generated by org.testng.reporters.JUnitReportReporter -->
<testsuite hostname="Davinders-MacBook.local" failures="0" tests="6" name="TestCases.Checkout_Information_TestCases" time="18.009" errors="0" timestamp="2024-11-14T10:34:18 PST" skipped="0">
  <testcase classname="TestCases.Checkout_Information_TestCases" name="validateCancelBtn" time="2.341"/>
  <testcase classname="TestCases.Checkout_Information_TestCases" name="enterBlankAllField" time="2.776"/>
  <testcase classname="TestCases.Checkout_Information_TestCases" name="enterBlankFirstName" time="2.565"/>
  <testcase classname="TestCases.Checkout_Information_TestCases" name="enterBlankLastName" time="2.250"/>
  <testcase classname="TestCases.Checkout_Information_TestCases" name="enterBlankPostalCode" time="1.508"/>
  <testcase classname="TestCases.Checkout_Information_TestCases" name="enterValidInformation" time="6.569"/>
</testsuite> <!-- TestCases.Checkout_Information_TestCases -->
